RUN	computerdatabase.UsuariosConcurrentes	usuariosconcurrentes	1710550222118	 	3.10.4
USER	Registro usuarios validos	START	1710550223095
USER	Registro usuarios validos	START	1710550223572
USER	Registro usuarios validos	START	1710550224073
USER	Registro usuarios validos	START	1710550224574
USER	Registro usuarios validos	START	1710550225074
USER	Registro usuarios validos	START	1710550225568
USER	Registro usuarios validos	START	1710550226069
REQUEST		Get Token	1710550226059	1710550226069	KO	status.find.in([200, 209], 304), found 401
ERROR	post usuario valido: Failed to build request: Failed to build request: j.u.NoSuchElementException: No attribute named 'accesskey' is defined 	1710550226175
USER	Registro usuarios validos	END	1710550226179
USER	Registro usuarios validos	START	1710550226568
REQUEST		Get Token	1710550227058	1710550227065	KO	status.find.in([200, 209], 304), found 401
ERROR	post usuario valido: Failed to build request: Failed to build request: j.u.NoSuchElementException: No attribute named 'accesskey' is defined 	1710550227067
USER	Registro usuarios validos	END	1710550227068
USER	Registro usuarios validos	START	1710550227069
USER	Registro usuarios validos	START	1710550227568
REQUEST		Get Token	1710550228058	1710550228064	KO	status.find.in([200, 209], 304), found 401
ERROR	post usuario valido: Failed to build request: Failed to build request: j.u.NoSuchElementException: No attribute named 'accesskey' is defined 	1710550228065
USER	Registro usuarios validos	END	1710550228066
USER	Registro usuarios validos	START	1710550228069
USER	Registro usuarios validos	START	1710550228568
REQUEST		Get Token	1710550229058	1710550229064	KO	status.find.in([200, 209], 304), found 401
ERROR	post usuario valido: Failed to build request: Failed to build request: j.u.NoSuchElementException: No attribute named 'accesskey' is defined 	1710550229065
USER	Registro usuarios validos	END	1710550229065
USER	Registro usuarios validos	START	1710550229069
USER	Registro usuarios validos	START	1710550229569
REQUEST		Get Token	1710550230058	1710550230064	KO	status.find.in([200, 209], 304), found 401
ERROR	post usuario valido: Failed to build request: Failed to build request: j.u.NoSuchElementException: No attribute named 'accesskey' is defined 	1710550230064
USER	Registro usuarios validos	END	1710550230065
USER	Registro usuarios validos	START	1710550230069
USER	Registro usuarios validos	START	1710550230568
REQUEST		Get Token	1710550230577	1710550230583	KO	status.find.in([200, 209], 304), found 401
ERROR	post usuario valido: Failed to build request: Failed to build request: j.u.NoSuchElementException: No attribute named 'accesskey' is defined 	1710550230584
USER	Registro usuarios validos	END	1710550230584
REQUEST		Get Token	1710550231058	1710550231063	KO	status.find.in([200, 209], 304), found 401
ERROR	post usuario valido: Failed to build request: Failed to build request: j.u.NoSuchElementException: No attribute named 'accesskey' is defined 	1710550231064
USER	Registro usuarios validos	END	1710550231064
USER	Registro usuarios validos	START	1710550231069
USER	Registro usuarios validos	START	1710550231568
REQUEST		Get Token	1710550231577	1710550231583	KO	status.find.in([200, 209], 304), found 401
ERROR	post usuario valido: Failed to build request: Failed to build request: j.u.NoSuchElementException: No attribute named 'accesskey' is defined 	1710550231584
USER	Registro usuarios validos	END	1710550231585
REQUEST		Get Token	1710550232058	1710550232064	KO	status.find.in([200, 209], 304), found 401
ERROR	post usuario valido: Failed to build request: Failed to build request: j.u.NoSuchElementException: No attribute named 'accesskey' is defined 	1710550232065
USER	Registro usuarios validos	END	1710550232065
USER	Registro usuarios validos	START	1710550232069
USER	Registro usuarios validos	START	1710550232568
REQUEST		Get Token	1710550232577	1710550232582	KO	status.find.in([200, 209], 304), found 401
ERROR	post usuario valido: Failed to build request: Failed to build request: j.u.NoSuchElementException: No attribute named 'accesskey' is defined 	1710550232583
USER	Registro usuarios validos	END	1710550232583
REQUEST		Get Token	1710550233058	1710550233064	KO	status.find.in([200, 209], 304), found 401
ERROR	post usuario valido: Failed to build request: Failed to build request: j.u.NoSuchElementException: No attribute named 'accesskey' is defined 	1710550233065
USER	Registro usuarios validos	END	1710550233066
REQUEST		Get Token	1710550233577	1710550233583	KO	status.find.in([200, 209], 304), found 401
ERROR	post usuario valido: Failed to build request: Failed to build request: j.u.NoSuchElementException: No attribute named 'accesskey' is defined 	1710550233584
USER	Registro usuarios validos	END	1710550233585
REQUEST		Get Token	1710550234058	1710550234066	KO	status.find.in([200, 209], 304), found 401
ERROR	post usuario valido: Failed to build request: Failed to build request: j.u.NoSuchElementException: No attribute named 'accesskey' is defined 	1710550234067
USER	Registro usuarios validos	END	1710550234067
REQUEST		Get Token	1710550234418	1710550234425	KO	status.find.in([200, 209], 304), found 401
ERROR	post usuario valido: Failed to build request: Failed to build request: j.u.NoSuchElementException: No attribute named 'accesskey' is defined 	1710550234426
USER	Registro usuarios validos	END	1710550234426
REQUEST		Get Token	1710550234748	1710550234754	KO	status.find.in([200, 209], 304), found 401
ERROR	post usuario valido: Failed to build request: Failed to build request: j.u.NoSuchElementException: No attribute named 'accesskey' is defined 	1710550234755
USER	Registro usuarios validos	END	1710550234756
REQUEST		Get Token	1710550235058	1710550235063	KO	status.find.in([200, 209], 304), found 401
ERROR	post usuario valido: Failed to build request: Failed to build request: j.u.NoSuchElementException: No attribute named 'accesskey' is defined 	1710550235064
USER	Registro usuarios validos	END	1710550235064
REQUEST		Get Token	1710550235417	1710550235423	KO	status.find.in([200, 209], 304), found 401
ERROR	post usuario valido: Failed to build request: Failed to build request: j.u.NoSuchElementException: No attribute named 'accesskey' is defined 	1710550235424
USER	Registro usuarios validos	END	1710550235425
REQUEST		Get Token	1710550235747	1710550235754	KO	status.find.in([200, 209], 304), found 401
ERROR	post usuario valido: Failed to build request: Failed to build request: j.u.NoSuchElementException: No attribute named 'accesskey' is defined 	1710550235754
USER	Registro usuarios validos	END	1710550235755
REQUEST		Get Token	1710550236058	1710550236063	KO	status.find.in([200, 209], 304), found 401
ERROR	post usuario valido: Failed to build request: Failed to build request: j.u.NoSuchElementException: No attribute named 'accesskey' is defined 	1710550236064
USER	Registro usuarios validos	END	1710550236065
REQUEST		Get Token	1710550236417	1710550236425	KO	status.find.in([200, 209], 304), found 401
ERROR	post usuario valido: Failed to build request: Failed to build request: j.u.NoSuchElementException: No attribute named 'accesskey' is defined 	1710550236426
USER	Registro usuarios validos	END	1710550236426
